<?xml version="1.0" encoding="UTF-8"?>
<!-- Generated by org.testng.reporters.JUnitXMLReporter -->
<testsuite ignored="0" hostname="DESKTOP-HJ63NSA" failures="2" tests="6" name="hotleAPIs" time="3.801" errors="0" timestamp="18 Sep 2021 15:46:24 GMT">
  <testcase classname="com.travelport.hotel.RequestRouter" name="testGetRequestForRoomAvailability" time="2.683"/>
  <testcase classname="com.travelport.hotel.RequestRouter" name="testPostReqForBookARoom" time="0.134"/>
  <testcase classname="com.travelport.hotel.RequestRouter" name="testValidateGetRequestFieldsContents" time="0.085"/>
  <testcase classname="com.travelport.hotel.RequestRouter" name="testValidateGetRequestFieldsValuess" time="0.769">
    <failure type="java.lang.AssertionError" message="Rooms_available field should be greater or Zero..-36 expected [true] but found [false]">
      <![CDATA[java.lang.AssertionError: Rooms_available field should be greater or Zero..-36 expected [true] but found [false]
at com.travelport.hotel.Base.validatAvailabilityResponseObjFieldValues(Base.java:75)
at com.travelport.hotel.RequestRouter.testValidateGetRequestFieldsValuess(RequestRouter.java:36)
... Removed 30 stack frames]]>
    </failure>
  </testcase> <!-- testValidateGetRequestFieldsValuess -->
  <testcase classname="com.travelport.hotel.RequestRouter" name="testValidateGetRequestWithANonValidStringDate" time="0.033"/>
  <testcase classname="com.travelport.hotel.RequestRouter" name="testValidateGetRequestWithPastDate" time="0.037">
    <failure type="java.lang.AssertionError" message="As it is a previous date, it should get an error msg.. expected [400] but found [200]">
      <![CDATA[java.lang.AssertionError: As it is a previous date, it should get an error msg.. expected [400] but found [200]
at com.travelport.hotel.RequestRouter.testValidateGetRequestWithPastDate(RequestRouter.java:44)
... Removed 30 stack frames]]>
    </failure>
  </testcase> <!-- testValidateGetRequestWithPastDate -->
</testsuite> <!-- hotleAPIs -->
