<?xml version="1.0" encoding="UTF-8"?>
<testsuite name="TestSuite" time="4.064" tests="10" errors="0" skipped="0" failures="4">
  <properties>
[...]
</properties>
  <testcase name="testBookARoomPostResponseObjFieldValidation2" classname="com.travelport.hotel.RequestRouter" time="2.969"/>
  <testcase name="testBookARoomPostResponseObjValidation" classname="com.travelport.hotel.RequestRouter" time="0.833">
    <failure message="Checkout Date is incorrect in Response object.. expected [true] but found [false]" type="java.lang.AssertionError">java.lang.AssertionError: Checkout Date is incorrect in Response object.. expected [true] but found [false]
	at org.testng.Assert.fail(Assert.java:96)
	at org.testng.Assert.failNotEquals(Assert.java:776)
	at org.testng.Assert.assertEqualsImpl(Assert.java:137)
	at org.testng.Assert.assertEquals(Assert.java:118)
	at org.testng.Assert.assertEquals(Assert.java:568)
	at com.all.utils.CommnUtils.validateBookRoomPostResponsObj(CommnUtils.java:53)
	at com.travelport.hotel.RequestRouter.testBookARoomPostResponseObjValidation(RequestRouter.java:79)
</failure>
    <system-out><![CDATA[200
Respons String: {
    "checkInDate": "2021-09-19",
    "checkOutDate": "2021-09-23",
    "totalPrice": 530
}
Room amount=530       2021-09-23
]]></system-out>
  </testcase>
  <testcase name="testBookRoomPostWithInvalidDate" classname="com.travelport.hotel.RequestRouter" time="0.035">
    <failure message="Veryfying POST With Invalid Date...  expected [400] but found [200]" type="java.lang.AssertionError">java.lang.AssertionError: Veryfying POST With Invalid Date...  expected [400] but found [200]
	at org.testng.Assert.fail(Assert.java:96)
	at org.testng.Assert.failNotEquals(Assert.java:776)
	at org.testng.Assert.assertEqualsImpl(Assert.java:137)
	at org.testng.Assert.assertEquals(Assert.java:118)
	at org.testng.Assert.assertEquals(Assert.java:652)
	at com.travelport.hotel.RequestRouter.testBookRoomPostWithInvalidDate(RequestRouter.java:98)
</failure>
  </testcase>
  <testcase name="testBookRoomPostWithMoreDay" classname="com.travelport.hotel.RequestRouter" time="0.045"/>
  <testcase name="testGetRequestForRoomAvailability" classname="com.travelport.hotel.RequestRouter" time="0.043"/>
  <testcase name="testPostReqForBookARoom" classname="com.travelport.hotel.RequestRouter" time="0.045"/>
  <testcase name="testValidateGetRequestFieldsContents" classname="com.travelport.hotel.RequestRouter" time="0.022"/>
  <testcase name="testValidateGetRequestFieldsValuess" classname="com.travelport.hotel.RequestRouter" time="0.034">
    <failure message="Rooms_available field should be greater or Zero..-66 expected [true] but found [false]" type="java.lang.AssertionError">java.lang.AssertionError: Rooms_available field should be greater or Zero..-66 expected [true] but found [false]
	at org.testng.Assert.fail(Assert.java:96)
	at org.testng.Assert.failNotEquals(Assert.java:776)
	at org.testng.Assert.assertEqualsImpl(Assert.java:137)
	at org.testng.Assert.assertEquals(Assert.java:118)
	at org.testng.Assert.assertEquals(Assert.java:568)
	at com.travelport.hotel.Base.validatAvailabilityResponseObjFieldValues(Base.java:75)
	at com.travelport.hotel.RequestRouter.testValidateGetRequestFieldsValuess(RequestRouter.java:36)
</failure>
  </testcase>
  <testcase name="testValidateGetRequestWithANonValidStringDate" classname="com.travelport.hotel.RequestRouter" time="0.02"/>
  <testcase name="testValidateGetRequestWithPastDate" classname="com.travelport.hotel.RequestRouter" time="0.018">
    <failure message="As it is a previous date, it should get an error msg.. expected [400] but found [200]" type="java.lang.AssertionError">java.lang.AssertionError: As it is a previous date, it should get an error msg.. expected [400] but found [200]
	at org.testng.Assert.fail(Assert.java:96)
	at org.testng.Assert.failNotEquals(Assert.java:776)
	at org.testng.Assert.assertEqualsImpl(Assert.java:137)
	at org.testng.Assert.assertEquals(Assert.java:118)
	at org.testng.Assert.assertEquals(Assert.java:652)
	at com.travelport.hotel.RequestRouter.testValidateGetRequestWithPastDate(RequestRouter.java:44)
</failure>
  </testcase>
</testsuite>