<?xml version="1.0" encoding="UTF-8"?>
<!-- Generated by org.testng.reporters.JUnitXMLReporter -->
<testsuite ignored="0" hostname="DESKTOP-HJ63NSA" failures="4" tests="10" name="hotleAPIs" time="4.105" errors="0" timestamp="18 Sep 2021 15:54:28 GMT">
  <testcase classname="com.travelport.hotel.RequestRouter" name="testBookARoomPostResponseObjFieldValidation2" time="2.967"/>
  <testcase classname="com.travelport.hotel.RequestRouter" name="testBookARoomPostResponseObjValidation" time="0.827">
    <failure type="java.lang.AssertionError" message="Checkout Date is incorrect in Response object.. expected [true] but found [false]">
      <![CDATA[java.lang.AssertionError: Checkout Date is incorrect in Response object.. expected [true] but found [false]
at com.all.utils.CommnUtils.validateBookRoomPostResponsObj(CommnUtils.java:53)
at com.travelport.hotel.RequestRouter.testBookARoomPostResponseObjValidation(RequestRouter.java:79)
... Removed 33 stack frames]]>
    </failure>
  </testcase> <!-- testBookARoomPostResponseObjValidation -->
  <testcase classname="com.travelport.hotel.RequestRouter" name="testBookRoomPostWithInvalidDate" time="0.036">
    <failure type="java.lang.AssertionError" message="Veryfying POST With Invalid Date...  expected [400] but found [200]">
      <![CDATA[java.lang.AssertionError: Veryfying POST With Invalid Date...  expected [400] but found [200]
at com.travelport.hotel.RequestRouter.testBookRoomPostWithInvalidDate(RequestRouter.java:98)
... Removed 33 stack frames]]>
    </failure>
  </testcase> <!-- testBookRoomPostWithInvalidDate -->
  <testcase classname="com.travelport.hotel.RequestRouter" name="testBookRoomPostWithMoreDay" time="0.046"/>
  <testcase classname="com.travelport.hotel.RequestRouter" name="testGetRequestForRoomAvailability" time="0.042"/>
  <testcase classname="com.travelport.hotel.RequestRouter" name="testPostReqForBookARoom" time="0.044"/>
  <testcase classname="com.travelport.hotel.RequestRouter" name="testValidateGetRequestFieldsContents" time="0.02"/>
  <testcase classname="com.travelport.hotel.RequestRouter" name="testValidateGetRequestFieldsValuess" time="0.034">
    <failure type="java.lang.AssertionError" message="Rooms_available field should be greater or Zero..-66 expected [true] but found [false]">
      <![CDATA[java.lang.AssertionError: Rooms_available field should be greater or Zero..-66 expected [true] but found [false]
at com.travelport.hotel.Base.validatAvailabilityResponseObjFieldValues(Base.java:75)
at com.travelport.hotel.RequestRouter.testValidateGetRequestFieldsValuess(RequestRouter.java:36)
... Removed 33 stack frames]]>
    </failure>
  </testcase> <!-- testValidateGetRequestFieldsValuess -->
  <testcase classname="com.travelport.hotel.RequestRouter" name="testValidateGetRequestWithANonValidStringDate" time="0.019"/>
  <testcase classname="com.travelport.hotel.RequestRouter" name="testValidateGetRequestWithPastDate" time="0.017">
    <failure type="java.lang.AssertionError" message="As it is a previous date, it should get an error msg.. expected [400] but found [200]">
      <![CDATA[java.lang.AssertionError: As it is a previous date, it should get an error msg.. expected [400] but found [200]
at com.travelport.hotel.RequestRouter.testValidateGetRequestWithPastDate(RequestRouter.java:44)
... Removed 33 stack frames]]>
    </failure>
  </testcase> <!-- testValidateGetRequestWithPastDate -->
</testsuite> <!-- hotleAPIs -->
